mode: set
github.com/lgustavopalmieri/healing-specialist/internal/commom/event/event.go:11.47,17.2 1 0
github.com/lgustavopalmieri/healing-specialist/internal/commom/event/listener.go:13.44,17.2 1 0
github.com/lgustavopalmieri/healing-specialist/internal/commom/event/listener.go:19.70,21.2 1 0
github.com/lgustavopalmieri/healing-specialist/internal/commom/event/listener.go:23.46,25.34 2 0
github.com/lgustavopalmieri/healing-specialist/internal/commom/event/listener.go:25.34,27.3 1 0
github.com/lgustavopalmieri/healing-specialist/internal/commom/event/listener.go:28.2,28.15 1 0
github.com/lgustavopalmieri/healing-specialist/internal/commom/event/listener.go:31.71,34.2 2 0
github.com/lgustavopalmieri/healing-specialist/internal/commom/utils/sanitize.go:5.54,6.24 1 1
github.com/lgustavopalmieri/healing-specialist/internal/commom/utils/sanitize.go:6.24,8.3 1 1
github.com/lgustavopalmieri/healing-specialist/internal/commom/utils/sanitize.go:10.2,13.35 3 1
github.com/lgustavopalmieri/healing-specialist/internal/commom/utils/sanitize.go:13.35,15.38 2 1
github.com/lgustavopalmieri/healing-specialist/internal/commom/utils/sanitize.go:15.38,18.4 2 1
github.com/lgustavopalmieri/healing-specialist/internal/commom/utils/sanitize.go:21.2,21.19 1 1
github.com/lgustavopalmieri/healing-specialist/internal/modules/specialist/domain/create.go:22.73,23.117 1 1
github.com/lgustavopalmieri/healing-specialist/internal/modules/specialist/domain/create.go:23.117,25.3 1 1
github.com/lgustavopalmieri/healing-specialist/internal/modules/specialist/domain/create.go:27.2,44.24 4 1
github.com/lgustavopalmieri/healing-specialist/internal/modules/specialist/domain/create.go:47.87,48.43 1 1
github.com/lgustavopalmieri/healing-specialist/internal/modules/specialist/domain/create.go:48.43,50.3 1 1
github.com/lgustavopalmieri/healing-specialist/internal/modules/specialist/domain/create.go:52.2,52.45 1 1
github.com/lgustavopalmieri/healing-specialist/internal/modules/specialist/domain/create.go:52.45,54.3 1 1
github.com/lgustavopalmieri/healing-specialist/internal/modules/specialist/domain/create.go:56.2,56.53 1 1
github.com/lgustavopalmieri/healing-specialist/internal/modules/specialist/domain/create.go:56.53,58.3 1 1
github.com/lgustavopalmieri/healing-specialist/internal/modules/specialist/domain/create.go:60.2,60.61 1 1
github.com/lgustavopalmieri/healing-specialist/internal/modules/specialist/domain/create.go:60.61,62.3 1 1
github.com/lgustavopalmieri/healing-specialist/internal/modules/specialist/domain/create.go:64.2,64.20 1 1
github.com/lgustavopalmieri/healing-specialist/internal/modules/specialist/domain/create.go:64.20,66.3 1 1
github.com/lgustavopalmieri/healing-specialist/internal/modules/specialist/domain/create.go:68.2,68.12 1 1
github.com/lgustavopalmieri/healing-specialist/internal/modules/specialist/domain/validators.go:8.38,10.19 2 1
github.com/lgustavopalmieri/healing-specialist/internal/modules/specialist/domain/validators.go:10.19,12.3 1 1
github.com/lgustavopalmieri/healing-specialist/internal/modules/specialist/domain/validators.go:13.2,13.12 1 1
github.com/lgustavopalmieri/healing-specialist/internal/modules/specialist/domain/validators.go:16.40,18.17 2 1
github.com/lgustavopalmieri/healing-specialist/internal/modules/specialist/domain/validators.go:18.17,20.3 1 1
github.com/lgustavopalmieri/healing-specialist/internal/modules/specialist/domain/validators.go:22.2,23.36 2 1
github.com/lgustavopalmieri/healing-specialist/internal/modules/specialist/domain/validators.go:23.36,25.3 1 1
github.com/lgustavopalmieri/healing-specialist/internal/modules/specialist/domain/validators.go:27.2,27.12 1 1
github.com/lgustavopalmieri/healing-specialist/internal/modules/specialist/domain/validators.go:30.48,32.21 2 1
github.com/lgustavopalmieri/healing-specialist/internal/modules/specialist/domain/validators.go:32.21,34.3 1 1
github.com/lgustavopalmieri/healing-specialist/internal/modules/specialist/domain/validators.go:35.2,35.12 1 1
github.com/lgustavopalmieri/healing-specialist/internal/modules/specialist/domain/validators.go:38.56,40.25 2 1
github.com/lgustavopalmieri/healing-specialist/internal/modules/specialist/domain/validators.go:40.25,42.3 1 1
github.com/lgustavopalmieri/healing-specialist/internal/modules/specialist/domain/validators.go:43.2,43.12 1 1
